<?xml version="1.0" encoding="UTF-8"?>
<testsuites name="jest tests" tests="1" failures="0" time="3.381">
  <testsuite name="placeholder test" errors="0" failures="0" skipped="0" timestamp="2020-11-11T13:15:57" time="1.646" tests="1">
    <testcase classname="placeholder test should return true" name="placeholder test should return true" time="0.013">
    </testcase>
  </testsuite>
</testsuites>